This is pdfTeX, Version 3.14159265-2.6-1.40.16 (TeX Live 2015/Debian) (preloaded format=pdflatex 2016.10.4)  31 OCT 2016 12:23
entering extended mode
 restricted \write18 enabled.
 %&-line parsing enabled.
**Informe.tex
(./Informe.tex
LaTeX2e <2016/02/01>
Babel <3.9q> and hyphenation patterns for 6 language(s) loaded.
(/usr/share/texlive/texmf-dist/tex/latex/base/report.cls
Document Class: report 2014/09/29 v1.4h Standard LaTeX document class
(/usr/share/texlive/texmf-dist/tex/latex/base/size10.clo
File: size10.clo 2014/09/29 v1.4h Standard LaTeX file (size option)
)
\c@part=\count79
\c@chapter=\count80
\c@section=\count81
\c@subsection=\count82
\c@subsubsection=\count83
\c@paragraph=\count84
\c@subparagraph=\count85
\c@figure=\count86
\c@table=\count87
\abovecaptionskip=\skip41
\belowcaptionskip=\skip42
\bibindent=\dimen102
)
(/usr/share/texlive/texmf-dist/tex/latex/base/inputenc.sty
Package: inputenc 2015/03/17 v1.2c Input encoding file
\inpenc@prehook=\toks14
\inpenc@posthook=\toks15

(/usr/share/texlive/texmf-dist/tex/latex/base/utf8.def
File: utf8.def 2015/12/03 v1.1r UTF-8 support for inputenc
Now handling font encoding OML ...
... no UTF-8 mapping file for font encoding OML
Now handling font encoding T1 ...
... processing UTF-8 mapping file for font encoding T1

(/usr/share/texlive/texmf-dist/tex/latex/base/t1enc.dfu
File: t1enc.dfu 2015/12/03 v1.1r UTF-8 support for inputenc
   defining Unicode char U+00A0 (decimal 160)
   defining Unicode char U+00A1 (decimal 161)
   defining Unicode char U+00A3 (decimal 163)
   defining Unicode char U+00AB (decimal 171)
   defining Unicode char U+00AD (decimal 173)
   defining Unicode char U+00BB (decimal 187)
   defining Unicode char U+00BF (decimal 191)
   defining Unicode char U+00C0 (decimal 192)
   defining Unicode char U+00C1 (decimal 193)
   defining Unicode char U+00C2 (decimal 194)
   defining Unicode char U+00C3 (decimal 195)
   defining Unicode char U+00C4 (decimal 196)
   defining Unicode char U+00C5 (decimal 197)
   defining Unicode char U+00C6 (decimal 198)
   defining Unicode char U+00C7 (decimal 199)
   defining Unicode char U+00C8 (decimal 200)
   defining Unicode char U+00C9 (decimal 201)
   defining Unicode char U+00CA (decimal 202)
   defining Unicode char U+00CB (decimal 203)
   defining Unicode char U+00CC (decimal 204)
   defining Unicode char U+00CD (decimal 205)
   defining Unicode char U+00CE (decimal 206)
   defining Unicode char U+00CF (decimal 207)
   defining Unicode char U+00D0 (decimal 208)
   defining Unicode char U+00D1 (decimal 209)
   defining Unicode char U+00D2 (decimal 210)
   defining Unicode char U+00D3 (decimal 211)
   defining Unicode char U+00D4 (decimal 212)
   defining Unicode char U+00D5 (decimal 213)
   defining Unicode char U+00D6 (decimal 214)
   defining Unicode char U+00D8 (decimal 216)
   defining Unicode char U+00D9 (decimal 217)
   defining Unicode char U+00DA (decimal 218)
   defining Unicode char U+00DB (decimal 219)
   defining Unicode char U+00DC (decimal 220)
   defining Unicode char U+00DD (decimal 221)
   defining Unicode char U+00DE (decimal 222)
   defining Unicode char U+00DF (decimal 223)
   defining Unicode char U+00E0 (decimal 224)
   defining Unicode char U+00E1 (decimal 225)
   defining Unicode char U+00E2 (decimal 226)
   defining Unicode char U+00E3 (decimal 227)
   defining Unicode char U+00E4 (decimal 228)
   defining Unicode char U+00E5 (decimal 229)
   defining Unicode char U+00E6 (decimal 230)
   defining Unicode char U+00E7 (decimal 231)
   defining Unicode char U+00E8 (decimal 232)
   defining Unicode char U+00E9 (decimal 233)
   defining Unicode char U+00EA (decimal 234)
   defining Unicode char U+00EB (decimal 235)
   defining Unicode char U+00EC (decimal 236)
   defining Unicode char U+00ED (decimal 237)
   defining Unicode char U+00EE (decimal 238)
   defining Unicode char U+00EF (decimal 239)
   defining Unicode char U+00F0 (decimal 240)
   defining Unicode char U+00F1 (decimal 241)
   defining Unicode char U+00F2 (decimal 242)
   defining Unicode char U+00F3 (decimal 243)
   defining Unicode char U+00F4 (decimal 244)
   defining Unicode char U+00F5 (decimal 245)
   defining Unicode char U+00F6 (decimal 246)
   defining Unicode char U+00F8 (decimal 248)
   defining Unicode char U+00F9 (decimal 249)
   defining Unicode char U+00FA (decimal 250)
   defining Unicode char U+00FB (decimal 251)
   defining Unicode char U+00FC (decimal 252)
   defining Unicode char U+00FD (decimal 253)
   defining Unicode char U+00FE (decimal 254)
   defining Unicode char U+00FF (decimal 255)
   defining Unicode char U+0100 (decimal 256)
   defining Unicode char U+0101 (decimal 257)
   defining Unicode char U+0102 (decimal 258)
   defining Unicode char U+0103 (decimal 259)
   defining Unicode char U+0104 (decimal 260)
   defining Unicode char U+0105 (decimal 261)
   defining Unicode char U+0106 (decimal 262)
   defining Unicode char U+0107 (decimal 263)
   defining Unicode char U+0108 (decimal 264)
   defining Unicode char U+0109 (decimal 265)
   defining Unicode char U+010A (decimal 266)
   defining Unicode char U+010B (decimal 267)
   defining Unicode char U+010C (decimal 268)
   defining Unicode char U+010D (decimal 269)
   defining Unicode char U+010E (decimal 270)
   defining Unicode char U+010F (decimal 271)
   defining Unicode char U+0110 (decimal 272)
   defining Unicode char U+0111 (decimal 273)
   defining Unicode char U+0112 (decimal 274)
   defining Unicode char U+0113 (decimal 275)
   defining Unicode char U+0114 (decimal 276)
   defining Unicode char U+0115 (decimal 277)
   defining Unicode char U+0116 (decimal 278)
   defining Unicode char U+0117 (decimal 279)
   defining Unicode char U+0118 (decimal 280)
   defining Unicode char U+0119 (decimal 281)
   defining Unicode char U+011A (decimal 282)
   defining Unicode char U+011B (decimal 283)
   defining Unicode char U+011C (decimal 284)
   defining Unicode char U+011D (decimal 285)
   defining Unicode char U+011E (decimal 286)
   defining Unicode char U+011F (decimal 287)
   defining Unicode char U+0120 (decimal 288)
   defining Unicode char U+0121 (decimal 289)
   defining Unicode char U+0122 (decimal 290)
   defining Unicode char U+0123 (decimal 291)
   defining Unicode char U+0124 (decimal 292)
   defining Unicode char U+0125 (decimal 293)
   defining Unicode char U+0128 (decimal 296)
   defining Unicode char U+0129 (decimal 297)
   defining Unicode char U+012A (decimal 298)
   defining Unicode char U+012B (decimal 299)
   defining Unicode char U+012C (decimal 300)
   defining Unicode char U+012D (decimal 301)
   defining Unicode char U+012E (decimal 302)
   defining Unicode char U+012F (decimal 303)
   defining Unicode char U+0130 (decimal 304)
   defining Unicode char U+0131 (decimal 305)
   defining Unicode char U+0132 (decimal 306)
   defining Unicode char U+0133 (decimal 307)
   defining Unicode char U+0134 (decimal 308)
   defining Unicode char U+0135 (decimal 309)
   defining Unicode char U+0136 (decimal 310)
   defining Unicode char U+0137 (decimal 311)
   defining Unicode char U+0139 (decimal 313)
   defining Unicode char U+013A (decimal 314)
   defining Unicode char U+013B (decimal 315)
   defining Unicode char U+013C (decimal 316)
   defining Unicode char U+013D (decimal 317)
   defining Unicode char U+013E (decimal 318)
   defining Unicode char U+0141 (decimal 321)
   defining Unicode char U+0142 (decimal 322)
   defining Unicode char U+0143 (decimal 323)
   defining Unicode char U+0144 (decimal 324)
   defining Unicode char U+0145 (decimal 325)
   defining Unicode char U+0146 (decimal 326)
   defining Unicode char U+0147 (decimal 327)
   defining Unicode char U+0148 (decimal 328)
   defining Unicode char U+014A (decimal 330)
   defining Unicode char U+014B (decimal 331)
   defining Unicode char U+014C (decimal 332)
   defining Unicode char U+014D (decimal 333)
   defining Unicode char U+014E (decimal 334)
   defining Unicode char U+014F (decimal 335)
   defining Unicode char U+0150 (decimal 336)
   defining Unicode char U+0151 (decimal 337)
   defining Unicode char U+0152 (decimal 338)
   defining Unicode char U+0153 (decimal 339)
   defining Unicode char U+0154 (decimal 340)
   defining Unicode char U+0155 (decimal 341)
   defining Unicode char U+0156 (decimal 342)
   defining Unicode char U+0157 (decimal 343)
   defining Unicode char U+0158 (decimal 344)
   defining Unicode char U+0159 (decimal 345)
   defining Unicode char U+015A (decimal 346)
   defining Unicode char U+015B (decimal 347)
   defining Unicode char U+015C (decimal 348)
   defining Unicode char U+015D (decimal 349)
   defining Unicode char U+015E (decimal 350)
   defining Unicode char U+015F (decimal 351)
   defining Unicode char U+0160 (decimal 352)
   defining Unicode char U+0161 (decimal 353)
   defining Unicode char U+0162 (decimal 354)
   defining Unicode char U+0163 (decimal 355)
   defining Unicode char U+0164 (decimal 356)
   defining Unicode char U+0165 (decimal 357)
   defining Unicode char U+0168 (decimal 360)
   defining Unicode char U+0169 (decimal 361)
   defining Unicode char U+016A (decimal 362)
   defining Unicode char U+016B (decimal 363)
   defining Unicode char U+016C (decimal 364)
   defining Unicode char U+016D (decimal 365)
   defining Unicode char U+016E (decimal 366)
   defining Unicode char U+016F (decimal 367)
   defining Unicode char U+0170 (decimal 368)
   defining Unicode char U+0171 (decimal 369)
   defining Unicode char U+0172 (decimal 370)
   defining Unicode char U+0173 (decimal 371)
   defining Unicode char U+0174 (decimal 372)
   defining Unicode char U+0175 (decimal 373)
   defining Unicode char U+0176 (decimal 374)
   defining Unicode char U+0177 (decimal 375)
   defining Unicode char U+0178 (decimal 376)
   defining Unicode char U+0179 (decimal 377)
   defining Unicode char U+017A (decimal 378)
   defining Unicode char U+017B (decimal 379)
   defining Unicode char U+017C (decimal 380)
   defining Unicode char U+017D (decimal 381)
   defining Unicode char U+017E (decimal 382)
   defining Unicode char U+01CD (decimal 461)
   defining Unicode char U+01CE (decimal 462)
   defining Unicode char U+01CF (decimal 463)
   defining Unicode char U+01D0 (decimal 464)
   defining Unicode char U+01D1 (decimal 465)
   defining Unicode char U+01D2 (decimal 466)
   defining Unicode char U+01D3 (decimal 467)
   defining Unicode char U+01D4 (decimal 468)
   defining Unicode char U+01E2 (decimal 482)
   defining Unicode char U+01E3 (decimal 483)
   defining Unicode char U+01E6 (decimal 486)
   defining Unicode char U+01E7 (decimal 487)
   defining Unicode char U+01E8 (decimal 488)
   defining Unicode char U+01E9 (decimal 489)
   defining Unicode char U+01EA (decimal 490)
   defining Unicode char U+01EB (decimal 491)
   defining Unicode char U+01F0 (decimal 496)
   defining Unicode char U+01F4 (decimal 500)
   defining Unicode char U+01F5 (decimal 501)
   defining Unicode char U+0218 (decimal 536)
   defining Unicode char U+0219 (decimal 537)
   defining Unicode char U+021A (decimal 538)
   defining Unicode char U+021B (decimal 539)
   defining Unicode char U+01E02 (decimal 7682)
   defining Unicode char U+01E03 (decimal 7683)
   defining Unicode char U+200C (decimal 8204)
   defining Unicode char U+2013 (decimal 8211)
   defining Unicode char U+2014 (decimal 8212)
   defining Unicode char U+2018 (decimal 8216)
   defining Unicode char U+2019 (decimal 8217)
   defining Unicode char U+201A (decimal 8218)
   defining Unicode char U+201C (decimal 8220)
   defining Unicode char U+201D (decimal 8221)
   defining Unicode char U+201E (decimal 8222)
   defining Unicode char U+2030 (decimal 8240)
   defining Unicode char U+2031 (decimal 8241)
   defining Unicode char U+2039 (decimal 8249)
   defining Unicode char U+203A (decimal 8250)
   defining Unicode char U+2423 (decimal 9251)
)
Now handling font encoding OT1 ...
... processing UTF-8 mapping file for font encoding OT1

(/usr/share/texlive/texmf-dist/tex/latex/base/ot1enc.dfu
File: ot1enc.dfu 2015/12/03 v1.1r UTF-8 support for inputenc
   defining Unicode char U+00A0 (decimal 160)
   defining Unicode char U+00A1 (decimal 161)
   defining Unicode char U+00A3 (decimal 163)
   defining Unicode char U+00AD (decimal 173)
   defining Unicode char U+00B8 (decimal 184)
   defining Unicode char U+00BF (decimal 191)
   defining Unicode char U+00C5 (decimal 197)
   defining Unicode char U+00C6 (decimal 198)
   defining Unicode char U+00D8 (decimal 216)
   defining Unicode char U+00DF (decimal 223)
   defining Unicode char U+00E6 (decimal 230)
   defining Unicode char U+00EC (decimal 236)
   defining Unicode char U+00ED (decimal 237)
   defining Unicode char U+00EE (decimal 238)
   defining Unicode char U+00EF (decimal 239)
   defining Unicode char U+00F8 (decimal 248)
   defining Unicode char U+0131 (decimal 305)
   defining Unicode char U+0141 (decimal 321)
   defining Unicode char U+0142 (decimal 322)
   defining Unicode char U+0152 (decimal 338)
   defining Unicode char U+0153 (decimal 339)
   defining Unicode char U+0174 (decimal 372)
   defining Unicode char U+0175 (decimal 373)
   defining Unicode char U+0176 (decimal 374)
   defining Unicode char U+0177 (decimal 375)
   defining Unicode char U+0218 (decimal 536)
   defining Unicode char U+0219 (decimal 537)
   defining Unicode char U+021A (decimal 538)
   defining Unicode char U+021B (decimal 539)
   defining Unicode char U+2013 (decimal 8211)
   defining Unicode char U+2014 (decimal 8212)
   defining Unicode char U+2018 (decimal 8216)
   defining Unicode char U+2019 (decimal 8217)
   defining Unicode char U+201C (decimal 8220)
   defining Unicode char U+201D (decimal 8221)
)
Now handling font encoding OMS ...
... processing UTF-8 mapping file for font encoding OMS

(/usr/share/texlive/texmf-dist/tex/latex/base/omsenc.dfu
File: omsenc.dfu 2015/12/03 v1.1r UTF-8 support for inputenc
   defining Unicode char U+00A7 (decimal 167)
   defining Unicode char U+00B6 (decimal 182)
   defining Unicode char U+00B7 (decimal 183)
   defining Unicode char U+2020 (decimal 8224)
   defining Unicode char U+2021 (decimal 8225)
   defining Unicode char U+2022 (decimal 8226)
)
Now handling font encoding OMX ...
... no UTF-8 mapping file for font encoding OMX
Now handling font encoding U ...
... no UTF-8 mapping file for font encoding U
   defining Unicode char U+00A9 (decimal 169)
   defining Unicode char U+00AA (decimal 170)
   defining Unicode char U+00AE (decimal 174)
   defining Unicode char U+00BA (decimal 186)
   defining Unicode char U+02C6 (decimal 710)
   defining Unicode char U+02DC (decimal 732)
   defining Unicode char U+200C (decimal 8204)
   defining Unicode char U+2026 (decimal 8230)
   defining Unicode char U+2122 (decimal 8482)
   defining Unicode char U+2423 (decimal 9251)
))
(/usr/share/texlive/texmf-dist/tex/generic/babel/babel.sty
Package: babel 2016/02/24 3.9q The Babel package

(/usr/share/texlive/texmf-dist/tex/generic/babel-spanish/spanish.ldf
Language: spanish.ldf 2016/01/15 v5.0o Spanish support from the babel system

(/usr/share/texlive/texmf-dist/tex/generic/babel/babel.def
File: babel.def 2016/02/24 3.9q Babel common definitions
\babel@savecnt=\count88
\U@D=\dimen103
)
\es@quottoks=\toks16
\es@quotdepth=\count89
Package babel Info: Making " an active character on input line 533.
Package babel Info: Making . an active character on input line 634.
Package babel Info: Making < an active character on input line 679.
Package babel Info: Making > an active character on input line 679.
))
(/usr/share/texlive/texmf-dist/tex/latex/datetime/datetime.sty
Package: datetime 2015/03/20 v2.60 Date Time Package

(/usr/share/texlive/texmf-dist/tex/latex/etoolbox/etoolbox.sty
Package: etoolbox 2015/08/02 v2.2a e-TeX tools for LaTeX (JAW)
\etb@tempcnta=\count90
)
(/usr/share/texlive/texmf-dist/tex/latex/fmtcount/fmtcount.sty
Package: fmtcount 2015/05/05 v3.01

(/usr/share/texlive/texmf-dist/tex/latex/base/ifthen.sty
Package: ifthen 2014/09/29 v1.1c Standard LaTeX ifthen package (DPC)
)
(/usr/share/texlive/texmf-dist/tex/latex/xkeyval/xkeyval.sty
Package: xkeyval 2014/12/03 v2.7a package option processing (HA)

(/usr/share/texlive/texmf-dist/tex/generic/xkeyval/xkeyval.tex
(/usr/share/texlive/texmf-dist/tex/generic/xkeyval/xkvutils.tex
\XKV@toks=\toks17
\XKV@tempa@toks=\toks18

(/usr/share/texlive/texmf-dist/tex/generic/xkeyval/keyval.tex))
\XKV@depth=\count91
File: xkeyval.tex 2014/12/03 v2.7a key=value parser (HA)
))
(/usr/share/texlive/texmf-dist/tex/latex/fmtcount/fcprefix.sty
Package: fcprefix 2012/09/28

(/usr/share/texlive/texmf-dist/tex/latex/fmtcount/fcnumparser.sty
Package: fcnumparser 2012/09/28
\fc@digit@counter=\count92
))
(/usr/share/texlive/texmf-dist/tex/generic/ifxetex/ifxetex.sty
Package: ifxetex 2010/09/12 v0.6 Provides ifxetex conditional
)
(/usr/share/texlive/texmf-dist/tex/latex/amsmath/amsgen.sty
File: amsgen.sty 1999/11/30 v2.0 generic functions
\@emptytoks=\toks19
\ex@=\dimen104
)
\c@padzeroesN=\count93
\fc@tmpcatcode=\count94
\@DT@modctr=\count95
\@ordinalctr=\count96
\@orgargctr=\count97
\@strctr=\count98
\@tmpstrctr=\count99
\@DT@loopN=\count100
\@DT@X=\count101
)
(/usr/share/texlive/texmf-dist/tex/latex/datetime/datetime-defaults.sty
Package: datetime-defaults 2013/09/10
)
\@day=\count102
\@month=\count103
\@year=\count104
\c@HOUR=\count105
\c@HOURXII=\count106
\c@MINUTE=\count107
\c@TOHOUR=\count108
\c@TOMINUTE=\count109
\c@SECOND=\count110
\currenthour=\count111
\currentminute=\count112
\currentsecond=\count113
Package datetime Info: No datetime.cfg file found, using default settings on in
put line 308.
\@dtctr=\count114
\dayofyear=\count115
\dayofweek=\count116
LaTeX Info: Redefining \today on input line 736.

(/usr/share/texlive/texmf-dist/tex/latex/datetime/dt-spanish.def
File: dt-spanish.def 2013/09/10
LaTeX Info: Redefining \datespanish on input line 85.
)
\dt@a=\toks20
\dt@b=\toks21
)
(/usr/share/texlive/texmf-dist/tex/latex/geometry/geometry.sty
Package: geometry 2010/09/12 v5.6 Page Geometry

(/usr/share/texlive/texmf-dist/tex/generic/oberdiek/ifpdf.sty
Package: ifpdf 2011/01/30 v2.3 Provides the ifpdf switch (HO)
Package ifpdf Info: pdfTeX in PDF mode is detected.
)
(/usr/share/texlive/texmf-dist/tex/generic/oberdiek/ifvtex.sty
Package: ifvtex 2010/03/01 v1.5 Detect VTeX and its facilities (HO)
Package ifvtex Info: VTeX not detected.
)
\Gm@cnth=\count117
\Gm@cntv=\count118
\c@Gm@tempcnt=\count119
\Gm@bindingoffset=\dimen105
\Gm@wd@mp=\dimen106
\Gm@odd@mp=\dimen107
\Gm@even@mp=\dimen108
\Gm@layoutwidth=\dimen109
\Gm@layoutheight=\dimen110
\Gm@layouthoffset=\dimen111
\Gm@layoutvoffset=\dimen112
\Gm@dimlist=\toks22
)
(/usr/share/texlive/texmf-dist/tex/latex/graphics/graphicx.sty
Package: graphicx 2014/10/28 v1.0g Enhanced LaTeX Graphics (DPC,SPQR)

(/usr/share/texlive/texmf-dist/tex/latex/graphics/graphics.sty
Package: graphics 2016/01/03 v1.0q Standard LaTeX Graphics (DPC,SPQR)

(/usr/share/texlive/texmf-dist/tex/latex/graphics/trig.sty
Package: trig 2016/01/03 v1.10 sin cos tan (DPC)
)
(/usr/share/texlive/texmf-dist/tex/latex/latexconfig/graphics.cfg
File: graphics.cfg 2010/04/23 v1.9 graphics configuration of TeX Live
)
Package graphics Info: Driver file: pdftex.def on input line 95.

(/usr/share/texlive/texmf-dist/tex/latex/pdftex-def/pdftex.def
File: pdftex.def 2011/05/27 v0.06d Graphics/color for pdfTeX

(/usr/share/texlive/texmf-dist/tex/generic/oberdiek/infwarerr.sty
Package: infwarerr 2010/04/08 v1.3 Providing info/warning/error messages (HO)
)
(/usr/share/texlive/texmf-dist/tex/generic/oberdiek/ltxcmds.sty
Package: ltxcmds 2011/11/09 v1.22 LaTeX kernel commands for general use (HO)
)
\Gread@gobject=\count120
))
\Gin@req@height=\dimen113
\Gin@req@width=\dimen114
)
(/usr/share/texlive/texmf-dist/tex/latex/amsmath/amsmath.sty
Package: amsmath 2016/03/03 v2.15a AMS math features
\@mathmargin=\skip43

For additional information on amsmath, use the `?' option.
(/usr/share/texlive/texmf-dist/tex/latex/amsmath/amstext.sty
Package: amstext 2000/06/29 v2.01 AMS text
)
(/usr/share/texlive/texmf-dist/tex/latex/amsmath/amsbsy.sty
Package: amsbsy 1999/11/29 v1.2d Bold Symbols
\pmbraise@=\dimen115
)
(/usr/share/texlive/texmf-dist/tex/latex/amsmath/amsopn.sty
Package: amsopn 1999/12/14 v2.01 operator names
)
\inf@bad=\count121
LaTeX Info: Redefining \frac on input line 199.
\uproot@=\count122
\leftroot@=\count123
LaTeX Info: Redefining \overline on input line 297.
\classnum@=\count124
\DOTSCASE@=\count125
LaTeX Info: Redefining \ldots on input line 394.
LaTeX Info: Redefining \dots on input line 397.
LaTeX Info: Redefining \cdots on input line 518.
\Mathstrutbox@=\box26
\strutbox@=\box27
\big@size=\dimen116
LaTeX Font Info:    Redeclaring font encoding OML on input line 630.
LaTeX Font Info:    Redeclaring font encoding OMS on input line 631.
\macc@depth=\count126
\c@MaxMatrixCols=\count127
\dotsspace@=\muskip10
\c@parentequation=\count128
\dspbrk@lvl=\count129
\tag@help=\toks23
\row@=\count130
\column@=\count131
\maxfields@=\count132
\andhelp@=\toks24
\eqnshift@=\dimen117
\alignsep@=\dimen118
\tagshift@=\dimen119
\tagwidth@=\dimen120
\totwidth@=\dimen121
\lineht@=\dimen122
\@envbody=\toks25
\multlinegap=\skip44
\multlinetaggap=\skip45
\mathdisplay@stack=\toks26
LaTeX Info: Redefining \[ on input line 2735.
LaTeX Info: Redefining \] on input line 2736.
)
(/usr/share/texlive/texmf-dist/tex/latex/changepage/changepage.sty
Package: changepage 2009/10/20 v1.0c check page and change page layout
\c@cp@cntr=\count133
\cp@tempcnt=\count134
)
(/usr/share/texlive/texmf-dist/tex/latex/mathtools/mathtools.sty
Package: mathtools 2015/11/12 v1.18 mathematical typesetting tools

(/usr/share/texlive/texmf-dist/tex/latex/tools/calc.sty
Package: calc 2014/10/28 v4.3 Infix arithmetic (KKT,FJ)
\calc@Acount=\count135
\calc@Bcount=\count136
\calc@Adimen=\dimen123
\calc@Bdimen=\dimen124
\calc@Askip=\skip46
\calc@Bskip=\skip47
LaTeX Info: Redefining \setlength on input line 80.
LaTeX Info: Redefining \addtolength on input line 81.
\calc@Ccount=\count137
\calc@Cskip=\skip48
)
(/usr/share/texlive/texmf-dist/tex/latex/mathtools/mhsetup.sty
Package: mhsetup 2010/01/21 v1.2a programming setup (MH)
)
LaTeX Info: Thecontrolsequence`\('isalreadyrobust on input line 129.
LaTeX Info: Thecontrolsequence`\)'isalreadyrobust on input line 129.
LaTeX Info: Thecontrolsequence`\['isalreadyrobust on input line 129.
LaTeX Info: Thecontrolsequence`\]'isalreadyrobust on input line 129.
\g_MT_multlinerow_int=\count138
\l_MT_multwidth_dim=\dimen125
\origjot=\skip49
\l_MT_shortvdotswithinadjustabove_dim=\dimen126
\l_MT_shortvdotswithinadjustbelow_dim=\dimen127
\l_MT_above_intertext_sep=\dimen128
\l_MT_below_intertext_sep=\dimen129
\l_MT_above_shortintertext_sep=\dimen130
\l_MT_below_shortintertext_sep=\dimen131
) (./Informe.aux
LaTeX Info: Redefining \. on input line 6.
LaTeX Info: Redefining \% on input line 6.
)
\openout1 = `Informe.aux'.

LaTeX Font Info:    Checking defaults for OML/cmm/m/it on input line 17.
LaTeX Font Info:    ... okay on input line 17.
LaTeX Font Info:    Checking defaults for T1/cmr/m/n on input line 17.
LaTeX Font Info:    ... okay on input line 17.
LaTeX Font Info:    Checking defaults for OT1/cmr/m/n on input line 17.
LaTeX Font Info:    ... okay on input line 17.
LaTeX Font Info:    Checking defaults for OMS/cmsy/m/n on input line 17.
LaTeX Font Info:    ... okay on input line 17.
LaTeX Font Info:    Checking defaults for OMX/cmex/m/n on input line 17.
LaTeX Font Info:    ... okay on input line 17.
LaTeX Font Info:    Checking defaults for U/cmr/m/n on input line 17.
LaTeX Font Info:    ... okay on input line 17.
LaTeX Info: Redefining \. on input line 17.
LaTeX Info: Redefining \% on input line 17.

*geometry* driver: auto-detecting
*geometry* detected driver: pdftex
*geometry* verbose mode - [ preamble ] result:
* driver: pdftex
* paper: <default>
* layout: <same size as paper>
* layoutoffset:(h,v)=(0.0pt,0.0pt)
* modes: 
* h-part:(L,W,R)=(36.135pt, 542.02501pt, 36.135pt)
* v-part:(T,H,B)=(50.58878pt, 693.79243pt, 50.58878pt)
* \paperwidth=614.295pt
* \paperheight=794.96999pt
* \textwidth=542.02501pt
* \textheight=693.79243pt
* \oddsidemargin=-36.135pt
* \evensidemargin=-36.135pt
* \topmargin=-58.68121pt
* \headheight=12.0pt
* \headsep=25.0pt
* \topskip=10.0pt
* \footskip=30.0pt
* \marginparwidth=65.0pt
* \marginparsep=11.0pt
* \columnsep=10.0pt
* \skip\footins=9.0pt plus 4.0pt minus 2.0pt
* \hoffset=0.0pt
* \voffset=0.0pt
* \mag=1000
* \@twocolumnfalse
* \@twosidefalse
* \@mparswitchfalse
* \@reversemarginfalse
* (1in=72.27pt=25.4mm, 1cm=28.453pt)

(/usr/share/texlive/texmf-dist/tex/context/base/supp-pdf.mkii
[Loading MPS to PDF converter (version 2006.09.02).]
\scratchcounter=\count139
\scratchdimen=\dimen132
\scratchbox=\box28
\nofMPsegments=\count140
\nofMParguments=\count141
\everyMPshowfont=\toks27
\MPscratchCnt=\count142
\MPscratchDim=\dimen133
\MPnumerator=\count143
\makeMPintoPDFobject=\count144
\everyMPtoPDFconversion=\toks28
) (/usr/share/texlive/texmf-dist/tex/generic/oberdiek/pdftexcmds.sty
Package: pdftexcmds 2011/11/29 v0.20 Utility functions of pdfTeX for LuaTeX (HO
)

(/usr/share/texlive/texmf-dist/tex/generic/oberdiek/ifluatex.sty
Package: ifluatex 2010/03/01 v1.3 Provides the ifluatex switch (HO)
Package ifluatex Info: LuaTeX not detected.
)
Package pdftexcmds Info: LuaTeX not detected.
Package pdftexcmds Info: \pdf@primitive is available.
Package pdftexcmds Info: \pdf@ifprimitive is available.
Package pdftexcmds Info: \pdfdraftmode found.
)
(/usr/share/texlive/texmf-dist/tex/latex/oberdiek/epstopdf-base.sty
Package: epstopdf-base 2010/02/09 v2.5 Base part for package epstopdf

(/usr/share/texlive/texmf-dist/tex/latex/oberdiek/grfext.sty
Package: grfext 2010/08/19 v1.1 Manage graphics extensions (HO)

(/usr/share/texlive/texmf-dist/tex/generic/oberdiek/kvdefinekeys.sty
Package: kvdefinekeys 2011/04/07 v1.3 Define keys (HO)
))
(/usr/share/texlive/texmf-dist/tex/latex/oberdiek/kvoptions.sty
Package: kvoptions 2011/06/30 v3.11 Key value format for package options (HO)

(/usr/share/texlive/texmf-dist/tex/generic/oberdiek/kvsetkeys.sty
Package: kvsetkeys 2012/04/25 v1.16 Key value parser (HO)

(/usr/share/texlive/texmf-dist/tex/generic/oberdiek/etexcmds.sty
Package: etexcmds 2011/02/16 v1.5 Avoid name clashes with e-TeX commands (HO)
Package etexcmds Info: Could not find \expanded.
(etexcmds)             That can mean that you are not using pdfTeX 1.50 or
(etexcmds)             that some package has redefined \expanded.
(etexcmds)             In the latter case, load this package earlier.
)))
Package grfext Info: Graphics extension search list:
(grfext)             [.png,.pdf,.jpg,.mps,.jpeg,.jbig2,.jb2,.PNG,.PDF,.JPG,.JPE
G,.JBIG2,.JB2,.eps]
(grfext)             \AppendGraphicsExtensions on input line 452.

(/usr/share/texlive/texmf-dist/tex/latex/latexconfig/epstopdf-sys.cfg
File: epstopdf-sys.cfg 2010/07/13 v1.3 Configuration of (r)epstopdf for TeX Liv
e
))
[1

{/var/lib/texmf/fonts/map/pdftex/updmap/pdftex.map}]
Underfull \hbox (badness 10000) in paragraph at lines 23--23

 []


Underfull \hbox (badness 10000) in paragraph at lines 25--25

 []


Underfull \hbox (badness 10000) in paragraph at lines 27--27

 []

[1

] <DiagramFINAL.png, id=13, 1890.35648pt x 1378.79823pt>
File: DiagramFINAL.png Graphic file (type png)

<use DiagramFINAL.png>
Package pdftex.def Info: DiagramFINAL.png used on input line 35.
(pdftex.def)             Requested size: 542.01663pt x 395.33896pt.
 [2

 <./DiagramFINAL.png>] [3

] [4] [5]
LaTeX Font Info:    Try loading font information for OMS+cmr on input line 207.


(/usr/share/texlive/texmf-dist/tex/latex/base/omscmr.fd
File: omscmr.fd 2014/09/29 v2.5h Standard LaTeX font definitions
)
LaTeX Font Info:    Font shape `OMS/cmr/m/n' in size <10> not available
(Font)              Font shape `OMS/cmsy/m/n' tried instead on input line 207.

Underfull \hbox (badness 10000) in paragraph at lines 208--208
[]\OT1/cmr/m/n/10 Precio de
 []


Underfull \hbox (badness 10000) in paragraph at lines 209--209
[]\OT1/cmr/m/n/10 Unidad de
 []


Overfull \hbox (3.45161pt too wide) in paragraph at lines 215--215
[]\OT1/cmr/m/n/10 COMPONENTE| 
 []


Underfull \hbox (badness 1303) in paragraph at lines 216--216
[]\OT1/cmr/m/n/10 Forma de ob-ten-ci^^Son de di-cha
 []


Underfull \hbox (badness 10000) in paragraph at lines 216--216
[]\OMS/cmsy/m/n/10 f\OT1/cmr/m/n/10 'Comprada di-
 []


Underfull \hbox (badness 10000) in paragraph at lines 216--216
\OT1/cmr/m/n/10 rec-ta-men-te', 'Ma-
 []


Underfull \hbox (badness 10000) in paragraph at lines 216--216
\OT1/cmr/m/n/10 nu-fac-tu-ra-da',
 []


Underfull \hbox (badness 10000) in paragraph at lines 222--222
[]\OMS/cmsy/m/n/10 f\OT1/cmr/m/n/10 'sumergible',
 []


Underfull \hbox (badness 10000) in paragraph at lines 223--223
[]\OMS/cmsy/m/n/10 f\OT1/cmr/m/n/10 'bomba', 'cuer-po
 []


Underfull \hbox (badness 6078) in paragraph at lines 231--231
[]\OT1/cmr/m/n/10 BOMBA F[]ISI-
 []


Underfull \hbox (badness 1077) in paragraph at lines 233--233
[]\OT1/cmr/m/n/10 Duraci^^Son de
 []


Underfull \hbox (badness 10000) in paragraph at lines 235--235
[]\OT1/cmr/m/n/10 CUERPO DE
 []


Overfull \hbox (1.67181pt too wide) in paragraph at lines 198--242
 [] 
 []


Underfull \hbox (badness 10000) in paragraph at lines 248--248
[]\OT1/cmr/m/n/10 COMPRADA
 []


Underfull \hbox (badness 10000) in paragraph at lines 248--248
\OT1/cmr/m/n/10 DI-REC-TA-
 []


Underfull \hbox (badness 1859) in paragraph at lines 248--248
\OT1/cmr/m/n/10 com-pra di-rec-ta-men-te a un
 []


Underfull \hbox (badness 1515) in paragraph at lines 249--249
\OT1/cmr/m/n/10 ^^Sulti-ma com-
 []


Underfull \hbox (badness 10000) in paragraph at lines 250--250
[]\OT1/cmr/m/n/10 Fecha de
 []


Underfull \hbox (badness 1515) in paragraph at lines 250--250
\OT1/cmr/m/n/10 ^^Sulti-ma com-
 []


Underfull \hbox (badness 10000) in paragraph at lines 251--251
[]\OT1/cmr/m/n/10 Costo de
 []


Underfull \hbox (badness 1515) in paragraph at lines 251--251
\OT1/cmr/m/n/10 ^^Sulti-ma com-
 []


Underfull \hbox (badness 10000) in paragraph at lines 252--252
[]\OT1/cmr/m/n/10 Costo pro-
 []


Underfull \hbox (badness 1931) in paragraph at lines 252--252
[]\OT1/cmr/m/n/10 Costo pro-me-dio de to-das las
 []


Underfull \hbox (badness 10000) in paragraph at lines 255--255
[]\OT1/cmr/m/n/10 MANUFACTU-
 []


Underfull \hbox (badness 10000) in paragraph at lines 260--260
[]\OT1/cmr/m/n/10 MATERIA
 []


Underfull \hbox (badness 10000) in paragraph at lines 267--267
[]\OT1/cmr/m/n/10 Fecha de
 []


Underfull \hbox (badness 10000) in paragraph at lines 268--268
[]\OT1/cmr/m/n/10 Fecha de
 []


Underfull \hbox (badness 10000) in paragraph at lines 269--269
[]\OT1/cmr/m/n/10 Modalidad
 []


Underfull \hbox (badness 10000) in paragraph at lines 269--269
[]\OMS/cmsy/m/n/10 f\OT1/cmr/m/n/10 'contado',
 []


Underfull \hbox (badness 5985) in paragraph at lines 269--269
\OT1/cmr/m/n/10 'cr^^Sedi-to 15 d^^S^^Pas',
 []


Underfull \hbox (badness 5985) in paragraph at lines 269--269
\OT1/cmr/m/n/10 'cr^^Sedi-to 30 d^^S^^Pas',
 []


Underfull \hbox (badness 5985) in paragraph at lines 269--269
\OT1/cmr/m/n/10 'cr^^Sedi-to 45 d^^S^^Pas',
 []


Underfull \hbox (badness 10000) in paragraph at lines 275--275
[]\OT1/cmr/m/n/10 ORDEN DE
 []


Underfull \hbox (badness 4765) in paragraph at lines 276--276
[]\OT1/cmr/m/n/10 N^^Sume-ro co-
 []


Underfull \hbox (badness 10000) in paragraph at lines 278--278
[]\OT1/cmr/m/n/10 Cantidad a
 []


Underfull \hbox (badness 10000) in paragraph at lines 279--279
[]\OT1/cmr/m/n/10 Cantidad
 []


Underfull \hbox (badness 10000) in paragraph at lines 282--282
[]\OT1/cmr/m/n/10 ORDEN DE
 []


Underfull \hbox (badness 4765) in paragraph at lines 283--283
[]\OT1/cmr/m/n/10 N^^Sume-ro co-
 []


Underfull \hbox (badness 10000) in paragraph at lines 285--285
[]\OT1/cmr/m/n/10 Cantidad a
 []


Underfull \hbox (badness 10000) in paragraph at lines 286--286
[]\OT1/cmr/m/n/10 Cantidad
 []


Overfull \hbox (1.67181pt too wide) in paragraph at lines 244--291
 [] 
 []

[6

]
Underfull \hbox (badness 10000) in paragraph at lines 295--295
[]\OT1/cmr/m/n/10 ORDEN DE
 []


Underfull \hbox (badness 4765) in paragraph at lines 296--296
[]\OT1/cmr/m/n/10 N^^Sume-ro co-
 []


Underfull \hbox (badness 10000) in paragraph at lines 301--301
[]\OT1/cmr/m/n/10 Costo por
 []


Underfull \hbox (badness 10000) in paragraph at lines 309--309
[]\OT1/cmr/m/n/10 Persona de
 []


Underfull \hbox (badness 10000) in paragraph at lines 309--309
[]\OT1/cmr/m/n/10 String(Descripci^^Son
 []


Underfull \hbox (badness 10000) in paragraph at lines 311--311
[]\OT1/cmr/m/n/10 'Nacional', 'In-ter-
 []


Overfull \hbox (4.84047pt too wide) in paragraph at lines 317--317
[]\OT1/cmr/m/n/10 DISTRIBUIDOR| 
 []


Overfull \hbox (1.67181pt too wide) in paragraph at lines 293--330
 [] 
 []

[7]
Underfull \hbox (badness 6842) in paragraph at lines 344--344
[]\OT1/cmr/m/n/10 ES EL TI-PO
 []


Underfull \hbox (badness 5302) in paragraph at lines 344--344
[]\OT1/cmr/m/n/10 BOMBA ES EL TI-PO DE
 []


Underfull \hbox (badness 10000) in paragraph at lines 348--348
[]\OT1/cmr/m/n/10 COMPUESTA
 []


Underfull \hbox (badness 2285) in paragraph at lines 348--348
[]\OT1/cmr/m/n/10 Tipo de com-po-nen-te MA-NU-
 []


Underfull \hbox (badness 10000) in paragraph at lines 358--358
[]\OT1/cmr/m/n/10 ELABORADA
 []


Underfull \hbox (badness 2285) in paragraph at lines 358--358
[]\OT1/cmr/m/n/10 Tipo de com-po-nen-te MA-NU-
 []


Underfull \hbox (badness 2165) in paragraph at lines 358--358
\OT1/cmr/m/n/10 FAC-TU-RA-DA es ELA-BO-RA-
 []


Underfull \hbox (badness 10000) in paragraph at lines 361--361
[]\OT1/cmr/m/n/10 PROCESADA
 []


Underfull \hbox (badness 10000) in paragraph at lines 361--361
[]\OT1/cmr/m/n/10 Tipo de com-po-nen-te PRO-
 []


Underfull \hbox (badness 1014) in paragraph at lines 361--361
\OT1/cmr/m/n/10 CE-SA-DA es PRO-CE-SA-DA A
 []


Overfull \hbox (1.67181pt too wide) in paragraph at lines 333--365
 [] 
 []


Overfull \hbox (1.64607pt too wide) in paragraph at lines 370--370
[]\OT1/cmr/m/n/10 ENSAMBLADO
 []


Underfull \hbox (badness 1067) in paragraph at lines 370--370
\OT1/cmr/m/n/10 SAM-BLA-DO A TRAV[]ES DE
 []


Underfull \hbox (badness 1838) in paragraph at lines 373--373
[]\OT1/cmr/m/n/10 SE EN-TRE-GA
 []


Underfull \hbox (badness 1354) in paragraph at lines 373--373
[]\OT1/cmr/m/n/10 FACTURA SE EN-TRE-GA A
 []


Underfull \hbox (badness 10000) in paragraph at lines 376--376
[]\OT1/cmr/m/n/10 ORDEN DE COM-PRA SE
 []


Underfull \hbox (badness 1237) in paragraph at lines 376--376
\OT1/cmr/m/n/10 ENV[]IA A PRO-VEE-DOR con
 []


Underfull \hbox (badness 10000) in paragraph at lines 379--379
[]\OT1/cmr/m/n/10 SE VEN-DE
 []


Underfull \hbox (badness 1067) in paragraph at lines 379--379
[]\OT1/cmr/m/n/10 BOMBA F[]ISI-CA SE VEN-DE
 []


Overfull \hbox (1.67181pt too wide) in paragraph at lines 367--387
 [] 
 []

[8]
Underfull \hbox (badness 7667) in paragraph at lines 400--401
\OT1/cmr/m/n/10 TA-MEN-TE, MA-NU-
 []


Underfull \hbox (badness 10000) in paragraph at lines 439--440
[]\OT1/cmr/m/n/10 COMPONENTE y
 []


Underfull \hbox (badness 1205) in paragraph at lines 439--440
\OT1/cmr/m/n/10 CUER-PO DE BOM-
 []

[9]

LaTeX Font Warning: Command \scriptsize invalid in math mode on input line 456.



LaTeX Font Warning: Command \scriptsize invalid in math mode on input line 456.



LaTeX Font Warning: Command \scriptsize invalid in math mode on input line 456.



LaTeX Font Warning: Command \scriptsize invalid in math mode on input line 456.



LaTeX Font Warning: Command \scriptsize invalid in math mode on input line 457.



LaTeX Font Warning: Command \scriptsize invalid in math mode on input line 457.



LaTeX Font Warning: Command \scriptsize invalid in math mode on input line 457.



LaTeX Font Warning: Command \scriptsize invalid in math mode on input line 457.



LaTeX Font Warning: Command \scriptsize invalid in math mode on input line 458.



LaTeX Font Warning: Command \scriptsize invalid in math mode on input line 458.



LaTeX Font Warning: Command \scriptsize invalid in math mode on input line 458.



LaTeX Font Warning: Command \scriptsize invalid in math mode on input line 458.



LaTeX Font Warning: Command \scriptsize invalid in math mode on input line 458.



LaTeX Font Warning: Command \scriptsize invalid in math mode on input line 458.



LaTeX Font Warning: Command \scriptsize invalid in math mode on input line 458.



LaTeX Font Warning: Command \scriptsize invalid in math mode on input line 458.



LaTeX Font Warning: Command \scriptsize invalid in math mode on input line 459.



LaTeX Font Warning: Command \scriptsize invalid in math mode on input line 459.



LaTeX Font Warning: Command \scriptsize invalid in math mode on input line 459.



LaTeX Font Warning: Command \scriptsize invalid in math mode on input line 459.



LaTeX Font Warning: Command \scriptsize invalid in math mode on input line 459.



LaTeX Font Warning: Command \scriptsize invalid in math mode on input line 459.



LaTeX Font Warning: Command \scriptsize invalid in math mode on input line 459.



LaTeX Font Warning: Command \scriptsize invalid in math mode on input line 459.



LaTeX Font Warning: Command \scriptsize invalid in math mode on input line 461.



LaTeX Font Warning: Command \scriptsize invalid in math mode on input line 461.



LaTeX Font Warning: Command \scriptsize invalid in math mode on input line 461.



LaTeX Font Warning: Command \scriptsize invalid in math mode on input line 461.



LaTeX Font Warning: Command \scriptsize invalid in math mode on input line 462.



LaTeX Font Warning: Command \scriptsize invalid in math mode on input line 462.



LaTeX Font Warning: Command \scriptsize invalid in math mode on input line 462.



LaTeX Font Warning: Command \scriptsize invalid in math mode on input line 462.



LaTeX Font Warning: Command \scriptsize invalid in math mode on input line 463.



LaTeX Font Warning: Command \scriptsize invalid in math mode on input line 463.



LaTeX Font Warning: Command \scriptsize invalid in math mode on input line 463.



LaTeX Font Warning: Command \scriptsize invalid in math mode on input line 463.



LaTeX Font Warning: Command \scriptsize invalid in math mode on input line 463.



LaTeX Font Warning: Command \scriptsize invalid in math mode on input line 463.



LaTeX Font Warning: Command \scriptsize invalid in math mode on input line 463.



LaTeX Font Warning: Command \scriptsize invalid in math mode on input line 463.



LaTeX Font Warning: Command \scriptsize invalid in math mode on input line 464.



LaTeX Font Warning: Command \scriptsize invalid in math mode on input line 464.



LaTeX Font Warning: Command \scriptsize invalid in math mode on input line 464.



LaTeX Font Warning: Command \scriptsize invalid in math mode on input line 464.



LaTeX Font Warning: Command \scriptsize invalid in math mode on input line 464.



LaTeX Font Warning: Command \scriptsize invalid in math mode on input line 464.



LaTeX Font Warning: Command \scriptsize invalid in math mode on input line 464.



LaTeX Font Warning: Command \scriptsize invalid in math mode on input line 464.



LaTeX Font Warning: Command \scriptsize invalid in math mode on input line 468.



LaTeX Font Warning: Command \scriptsize invalid in math mode on input line 468.



LaTeX Font Warning: Command \scriptsize invalid in math mode on input line 468.



LaTeX Font Warning: Command \scriptsize invalid in math mode on input line 468.



LaTeX Font Warning: Command \scriptsize invalid in math mode on input line 470.



LaTeX Font Warning: Command \scriptsize invalid in math mode on input line 470.



LaTeX Font Warning: Command \scriptsize invalid in math mode on input line 470.



LaTeX Font Warning: Command \scriptsize invalid in math mode on input line 470.



LaTeX Font Warning: Command \scriptsize invalid in math mode on input line 472.



LaTeX Font Warning: Command \scriptsize invalid in math mode on input line 472.



LaTeX Font Warning: Command \scriptsize invalid in math mode on input line 472.



LaTeX Font Warning: Command \scriptsize invalid in math mode on input line 472.



LaTeX Font Warning: Command \scriptsize invalid in math mode on input line 472.



LaTeX Font Warning: Command \scriptsize invalid in math mode on input line 472.



LaTeX Font Warning: Command \scriptsize invalid in math mode on input line 472.



LaTeX Font Warning: Command \scriptsize invalid in math mode on input line 472.



LaTeX Font Warning: Command \scriptsize invalid in math mode on input line 472.



LaTeX Font Warning: Command \scriptsize invalid in math mode on input line 472.



LaTeX Font Warning: Command \scriptsize invalid in math mode on input line 472.



LaTeX Font Warning: Command \scriptsize invalid in math mode on input line 472.



Overfull \hbox (0.13857pt too wide) in paragraph at lines 472--472
[]\OT1/cmr/m/n/10 ORDEN[]COMPRA($[]$, $[]$, $[]$, $[]$, can-tSo-li-ci-ta-da, ca
n-tRe-ci-bi-da, fe-chaE-
 []


LaTeX Font Warning: Command \scriptsize invalid in math mode on input line 474.



LaTeX Font Warning: Command \scriptsize invalid in math mode on input line 474.



LaTeX Font Warning: Command \scriptsize invalid in math mode on input line 474.



LaTeX Font Warning: Command \scriptsize invalid in math mode on input line 474.



LaTeX Font Warning: Command \scriptsize invalid in math mode on input line 474.



LaTeX Font Warning: Command \scriptsize invalid in math mode on input line 474.



LaTeX Font Warning: Command \scriptsize invalid in math mode on input line 474.



LaTeX Font Warning: Command \scriptsize invalid in math mode on input line 474.


[10

] [11

] [12]
Underfull \hbox (badness 10000) in paragraph at lines 617--617

 []

[13

] (./Informe.aux
LaTeX Info: Redefining \. on input line 6.
LaTeX Info: Redefining \% on input line 6.
) ) 
Here is how much of TeX's memory you used:
 5481 strings out of 494891
 74716 string characters out of 6179039
 199633 words of memory out of 5000000
 8674 multiletter control sequences out of 15000+600000
 9360 words of font info for 34 fonts, out of 8000000 for 9000
 40 hyphenation exceptions out of 8191
 38i,12n,44p,1090b,384s stack positions out of 5000i,500n,10000p,200000b,80000s
</usr/share/texlive/texmf-dist/fonts/type1/public/amsfonts/cm/cmbx12.pfb></u
sr/share/texlive/texmf-dist/fonts/type1/public/amsfonts/cm/cmmi10.pfb></usr/sha
re/texlive/texmf-dist/fonts/type1/public/amsfonts/cm/cmmi7.pfb></usr/share/texl
ive/texmf-dist/fonts/type1/public/amsfonts/cm/cmr10.pfb></usr/share/texlive/tex
mf-dist/fonts/type1/public/amsfonts/cm/cmr12.pfb></usr/share/texlive/texmf-dist
/fonts/type1/public/amsfonts/cm/cmr7.pfb></usr/share/texlive/texmf-dist/fonts/t
ype1/public/amsfonts/cm/cmsy10.pfb></usr/share/texlive/texmf-dist/fonts/type1/p
ublic/amsfonts/cm/cmsy7.pfb></usr/share/texlive/texmf-dist/fonts/type1/public/a
msfonts/cm/cmti10.pfb>
Output written on Informe.pdf (14 pages, 346038 bytes).
PDF statistics:
 87 PDF objects out of 1000 (max. 8388607)
 60 compressed objects within 1 object stream
 0 named destinations out of 1000 (max. 500000)
 6 words of extra memory for PDF output out of 10000 (max. 10000000)

